<?xml version="1.0" encoding="UTF-8"?>
<!-- Generated by org.testng.reporters.JUnitXMLReporter -->
<testsuite ignored="0" hostname="DESKTOP-017U15Q" failures="0" tests="4" name="AppTest" time="0.228" errors="0" timestamp="2022-04-13T09:58:06 IST">
  <testcase classname="Academy.HomePage" name="@BeforeTest intialize" time="0.018">
    <failure type="java.lang.NoClassDefFoundError" message="org/openqa/selenium/chromium/ChromiumDriver">
      <![CDATA[java.lang.NoClassDefFoundError: org/openqa/selenium/chromium/ChromiumDriver
at java.base/java.lang.ClassLoader.defineClass1(Native Method)
at java.base/java.lang.ClassLoader.defineClass(ClassLoader.java:1012)
at java.base/java.security.SecureClassLoader.defineClass(SecureClassLoader.java:150)
at java.base/jdk.internal.loader.BuiltinClassLoader.defineClass(BuiltinClassLoader.java:862)
at java.base/jdk.internal.loader.BuiltinClassLoader.findClassOnClassPathOrNull(BuiltinClassLoader.java:760)
at java.base/jdk.internal.loader.BuiltinClassLoader.loadClassOrNull(BuiltinClassLoader.java:681)
at java.base/jdk.internal.loader.BuiltinClassLoader.loadClass(BuiltinClassLoader.java:639)
at java.base/jdk.internal.loader.ClassLoaders$AppClassLoader.loadClass(ClassLoaders.java:188)
at java.base/java.lang.ClassLoader.loadClass(ClassLoader.java:520)
at resources.base.initializeDriver(base.java:37)
at Academy.HomePage.intialize(HomePage.java:25)
at java.base/java.util.concurrent.FutureTask.run(FutureTask.java:264)
at java.base/java.util.concurrent.ThreadPoolExecutor.runWorker(ThreadPoolExecutor.java:1136)
at java.base/java.util.concurrent.ThreadPoolExecutor$Worker.run(ThreadPoolExecutor.java:635)
at java.base/java.lang.Thread.run(Thread.java:833)
Caused by: java.lang.ClassNotFoundException: org.openqa.selenium.chromium.ChromiumDriver
at java.base/jdk.internal.loader.BuiltinClassLoader.loadClass(BuiltinClassLoader.java:641)
at java.base/jdk.internal.loader.ClassLoaders$AppClassLoader.loadClass(ClassLoaders.java:188)
at java.base/java.lang.ClassLoader.loadClass(ClassLoader.java:520)
... 30 more
... Removed 15 stack frames]]>
    </failure>
  </testcase> <!-- @BeforeTest intialize -->
  <testcase classname="Academy.ValidateNavigationBar" name="@BeforeTest intialize" time="-1.649824086193E9">
    <skipped/>
  </testcase> <!-- @BeforeTest intialize -->
  <testcase classname="Academy.ValidateTitle" name="@BeforeTest intialize" time="-1.649824086197E9">
    <skipped/>
  </testcase> <!-- @BeforeTest intialize -->
  <testcase classname="Academy.HomePage" name="@AfterTest tearDown" time="-1.649824086357E9">
    <skipped/>
  </testcase> <!-- @AfterTest tearDown -->
  <testcase classname="Academy.ValidateNavigationBar" name="@AfterTest tearDown" time="-1.64982408636E9">
    <skipped/>
  </testcase> <!-- @AfterTest tearDown -->
  <testcase classname="Academy.ValidateNavigationBar" name="@AfterTest tearDown1" time="-1.649824086362E9">
    <skipped/>
  </testcase> <!-- @AfterTest tearDown1 -->
  <testcase classname="Academy.ValidateTitle" name="@AfterTest tearDown" time="-1.64982408637E9">
    <skipped/>
  </testcase> <!-- @AfterTest tearDown -->
  <testcase classname="Academy.ValidateNavigationBar" name="basePageNavigation" time="0.001">
    <skipped/>
  </testcase> <!-- basePageNavigation -->
  <testcase classname="Academy.ValidateTitle" name="basePageNavigation" time="0.0">
    <skipped/>
  </testcase> <!-- basePageNavigation -->
  <testcase classname="Academy.HomePage" name="basePageNavigation" time="0.0">
    <skipped/>
  </testcase> <!-- basePageNavigation -->
  <testcase classname="Academy.HomePage" name="basePageNavigation" time="0.0">
    <skipped/>
  </testcase> <!-- basePageNavigation -->
</testsuite> <!-- AppTest -->
