<?xml version="1.0" encoding="UTF-8"?>
<!-- Generated by org.testng.reporters.JUnitXMLReporter -->
<testsuite ignored="0" hostname="DESKTOP-017U15Q" failures="0" tests="2" name="Homepage" time="0.151" errors="0" timestamp="2022-04-13T07:59:44 IST">
  <testcase classname="Academy.HomePage" name="@BeforeTest intialize" time="0.003">
    <failure type="java.lang.NoClassDefFoundError" message="org/openqa/selenium/chromium/ChromiumDriver">
      <![CDATA[java.lang.NoClassDefFoundError: org/openqa/selenium/chromium/ChromiumDriver
at resources.base.intializeDriver(base.java:29)
at Academy.HomePage.intialize(HomePage.java:25)
Caused by: java.lang.ClassNotFoundException: org.openqa.selenium.chromium.ChromiumDriver
... 26 more
... Removed 24 stack frames]]>
    </failure>
  </testcase> <!-- @BeforeTest intialize -->
  <testcase classname="Academy.HomePage" name="@AfterTest tearDown" time="-1.6498169849E9">
    <skipped/>
  </testcase> <!-- @AfterTest tearDown -->
  <testcase classname="Academy.HomePage" name="basePageNavigation" time="0.0">
    <skipped/>
  </testcase> <!-- basePageNavigation -->
  <testcase classname="Academy.HomePage" name="basePageNavigation" time="0.0">
    <skipped/>
  </testcase> <!-- basePageNavigation -->
</testsuite> <!-- Homepage -->
