<?xml version="1.0" encoding="UTF-8"?>
<!-- Generated by org.testng.reporters.JUnitXMLReporter -->
<testsuite ignored="0" hostname="DESKTOP-017U15Q" failures="0" tests="1" name="Test3" time="0.106" errors="0" timestamp="2022-04-12T20:16:37 IST">
  <testcase classname="Academy.ValidateTitle" name="@BeforeTest intialize" time="0.006">
    <failure type="java.lang.NoClassDefFoundError" message="org/openqa/selenium/chromium/ChromiumDriver">
      <![CDATA[java.lang.NoClassDefFoundError: org/openqa/selenium/chromium/ChromiumDriver
at resources.base.intializeDriver(base.java:29)
at Academy.ValidateTitle.intialize(ValidateTitle.java:23)
Caused by: java.lang.ClassNotFoundException: org.openqa.selenium.chromium.ChromiumDriver
... 26 more
... Removed 24 stack frames]]>
    </failure>
  </testcase> <!-- @BeforeTest intialize -->
  <testcase classname="Academy.ValidateTitle" name="@AfterTest tearDown" time="-1.649774797758E9">
    <skipped/>
  </testcase> <!-- @AfterTest tearDown -->
  <testcase classname="Academy.ValidateTitle" name="basePageNavigation" time="0.0">
    <skipped/>
  </testcase> <!-- basePageNavigation -->
</testsuite> <!-- Test3 -->
