<?xml version="1.0" encoding="UTF-8"?>
<!-- Generated by org.testng.reporters.JUnitXMLReporter -->
<testsuite ignored="0" hostname="DESKTOP-017U15Q" failures="0" tests="1" name="Validatingnavigation" time="0.3" errors="0" timestamp="2022-04-13T07:59:44 IST">
  <testcase classname="Academy.ValidateNavigationBar" name="@BeforeTest intialize" time="0.026">
    <failure type="java.lang.NoClassDefFoundError" message="org/openqa/selenium/chromium/ChromiumDriver">
      <![CDATA[java.lang.NoClassDefFoundError: org/openqa/selenium/chromium/ChromiumDriver
at java.base/java.lang.ClassLoader.defineClass1(Native Method)
at java.base/java.lang.ClassLoader.defineClass(ClassLoader.java:1012)
at java.base/java.security.SecureClassLoader.defineClass(SecureClassLoader.java:150)
at java.base/jdk.internal.loader.BuiltinClassLoader.defineClass(BuiltinClassLoader.java:862)
at java.base/jdk.internal.loader.BuiltinClassLoader.findClassOnClassPathOrNull(BuiltinClassLoader.java:760)
at java.base/jdk.internal.loader.BuiltinClassLoader.loadClassOrNull(BuiltinClassLoader.java:681)
at java.base/jdk.internal.loader.BuiltinClassLoader.loadClass(BuiltinClassLoader.java:639)
at java.base/jdk.internal.loader.ClassLoaders$AppClassLoader.loadClass(ClassLoaders.java:188)
at java.base/java.lang.ClassLoader.loadClass(ClassLoader.java:520)
at resources.base.intializeDriver(base.java:29)
at Academy.ValidateNavigationBar.intialize(ValidateNavigationBar.java:24)
Caused by: java.lang.ClassNotFoundException: org.openqa.selenium.chromium.ChromiumDriver
at java.base/jdk.internal.loader.BuiltinClassLoader.loadClass(BuiltinClassLoader.java:641)
at java.base/jdk.internal.loader.ClassLoaders$AppClassLoader.loadClass(ClassLoaders.java:188)
at java.base/java.lang.ClassLoader.loadClass(ClassLoader.java:520)
... 35 more
... Removed 24 stack frames]]>
    </failure>
  </testcase> <!-- @BeforeTest intialize -->
  <testcase classname="Academy.ValidateNavigationBar" name="@AfterTest tearDown" time="-1.64981698459E9">
    <skipped/>
  </testcase> <!-- @AfterTest tearDown -->
  <testcase classname="Academy.ValidateNavigationBar" name="@AfterTest tearDown1" time="-1.649816984605E9">
    <skipped/>
  </testcase> <!-- @AfterTest tearDown1 -->
  <testcase classname="Academy.ValidateNavigationBar" name="basePageNavigation" time="0.0">
    <skipped/>
  </testcase> <!-- basePageNavigation -->
</testsuite> <!-- Validatingnavigation -->
